{
  "RSpec": {
    "coverage": {
      "/Users/FayeCarter/Documents/Makers_Academy/Week_4/bookmarks-challenge-/app.rb": {
        "lines": [
          1,
          1,
          null,
          1,
          1,
          null,
          1,
          3,
          null,
          null,
          1,
          5,
          5,
          null,
          null,
          1,
          0,
          null,
          null,
          1,
          1,
          null,
          null,
          1,
          0,
          null,
          null,
          1,
          1,
          1,
          null,
          null,
          1,
          1,
          1,
          1,
          null,
          null,
          null,
          1,
          null
        ]
      },
      "/Users/FayeCarter/Documents/Makers_Academy/Week_4/bookmarks-challenge-/lib/bookmark.rb": {
        "lines": [
          1,
          null,
          1,
          null,
          1,
          null,
          1,
          13,
          13,
          13,
          null,
          null,
          1,
          6,
          6,
          null,
          0,
          null,
          null,
          6,
          6,
          6,
          null,
          null,
          null,
          1,
          7,
          7,
          null,
          0,
          null,
          null,
          7,
          null,
          7,
          null,
          null
        ]
      },
      "/Users/FayeCarter/Documents/Makers_Academy/Week_4/bookmarks-challenge-/spec/bookmark_spec.rb": {
        "lines": [
          1,
          1,
          null,
          1,
          null,
          1,
          1,
          null,
          null,
          1,
          1,
          1,
          null,
          1,
          1,
          1,
          null,
          1,
          null,
          1,
          1,
          1,
          1,
          1,
          null,
          null,
          null,
          1,
          1,
          1,
          1,
          null,
          1,
          1,
          1,
          1,
          null,
          null,
          null
        ]
      },
      "/Users/FayeCarter/Documents/Makers_Academy/Week_4/bookmarks-challenge-/spec/database_helpers.rb": {
        "lines": [
          1,
          null,
          1,
          1,
          1,
          1,
          null
        ]
      },
      "/Users/FayeCarter/Documents/Makers_Academy/Week_4/bookmarks-challenge-/spec/features/add_bm_spec.rb": {
        "lines": [
          1,
          null,
          1,
          1,
          1,
          1,
          1,
          1,
          null,
          null,
          null
        ]
      },
      "/Users/FayeCarter/Documents/Makers_Academy/Week_4/bookmarks-challenge-/spec/features/app_spec.rb": {
        "lines": [
          1,
          null,
          1,
          1,
          1,
          null,
          null,
          1,
          1,
          1,
          null,
          null,
          1,
          1,
          1,
          null,
          null,
          null
        ]
      },
      "/Users/FayeCarter/Documents/Makers_Academy/Week_4/bookmarks-challenge-/spec/features/delete_spec.rb": {
        "lines": [
          1,
          1,
          1,
          1,
          1,
          null,
          1,
          null,
          1,
          1,
          null,
          null
        ]
      },
      "/Users/FayeCarter/Documents/Makers_Academy/Week_4/bookmarks-challenge-/spec/features/view_bookmarks_spec.rb": {
        "lines": [
          1,
          1,
          1,
          1,
          null,
          null,
          1,
          1,
          null,
          1,
          1,
          null,
          null,
          null
        ]
      }
    },
    "timestamp": 1586509199
  }
}
